Сборка начата 29.03.2024 14:49:49.
Уровень детализации журнала: Normal.     1>Проект "C:\Users\renam\SOMETHING #1\LabRab\KPO   - (3 from N)\LabRab#1   +-\Task_1\Task_1\Task_1.vcxproj" в узле 2 (целевые объекты Build).
     1>InitializeBuildStatus:
         Обращение к "x64\Debug\Task_1.tlog\unsuccessfulbuild".
       ClCompile:
         C:\Program Files\Microsoft Visual Studio\2022\Community\VC\Tools\MSVC\14.37.32822\bin\HostX64\x64\CL.exe /c /ZI /JMC /nologo /W3 /WX- /diagnostics:column /sdl /Od /D _DEBUG /D _CONSOLE /D _UNICODE /D UNICODE /Gm- /EHsc /RTC1 /MDd /GS /fp:precise /Zc:wchar_t /Zc:forScope /Zc:inline /permissive- /Fo"x64\Debug\\" /Fd"x64\Debug\vc143.pdb" /external:W3 /Gd /TP /FC /errorReport:prompt date__.cpp
         date__.cpp
       Link:
         C:\Program Files\Microsoft Visual Studio\2022\Community\VC\Tools\MSVC\14.37.32822\bin\HostX64\x64\link.exe /ERRORREPORT:PROMPT /OUT:"C:\Users\renam\SOMETHING #1\LabRab\KPO   - (3 from N)\LabRab#1   +-\Task_1\x64\Debug\Task_1.exe" /INCREMENTAL /ILK:"x64\Debug\Task_1.ilk" /NOLOGO kernel32.lib user32.lib gdi32.lib winspool.lib comdlg32.lib advapi32.lib shell32.lib ole32.lib oleaut32.lib uuid.lib odbc32.lib odbccp32.lib /MANIFEST /MANIFESTUAC:"level='asInvoker' uiAccess='false'" /manifest:embed /DEBUG /PDB:"C:\Users\renam\SOMETHING #1\LabRab\KPO   - (3 from N)\LabRab#1   +-\Task_1\x64\Debug\Task_1.pdb" /SUBSYSTEM:CONSOLE /TLBID:1 /DYNAMICBASE /NXCOMPAT /IMPLIB:"C:\Users\renam\SOMETHING #1\LabRab\KPO   - (3 from N)\LabRab#1   +-\Task_1\x64\Debug\Task_1.lib" /MACHINE:X64 /KEYCONTAINER:"/Y" x64\Debug\check.obj
         x64\Debug\Date_From_Day_Of_Year_Check.obj
         x64\Debug\date__.obj
         x64\Debug\days_before_birthday.obj
         x64\Debug\get_day.obj
         x64\Debug\get_days_in_month.obj
         x64\Debug\get_month.obj
         x64\Debug\get_year.obj
         x64\Debug\is_Visok.obj
         x64\Debug\month_to_string.obj
         x64\Debug\serial_number_of_day.obj
         x64\Debug\Task_1.obj
         Task_1.vcxproj -> C:\Users\renam\SOMETHING #1\LabRab\KPO   - (3 from N)\LabRab#1   +-\Task_1\x64\Debug\Task_1.exe
       FinalizeBuildStatus:
         Файл "x64\Debug\Task_1.tlog\unsuccessfulbuild" удаляется.
         Обращение к "x64\Debug\Task_1.tlog\Task_1.lastbuildstate".
     1>Сборка проекта "C:\Users\renam\SOMETHING #1\LabRab\KPO   - (3 from N)\LabRab#1   +-\Task_1\Task_1\Task_1.vcxproj" завершена (целевые объекты Build).

Сборка успешно завершена.
    Предупреждений: 0
    Ошибок: 0

Прошло времени 00:00:03.69
