c:\users\renam\something #1\labrab\opi\labrab#1\task_1\task_1\x64\debug\vc143.pdb
c:\users\renam\something #1\labrab\opi\labrab#1\task_1\task_1\x64\debug\vc143.idb
c:\users\renam\something #1\labrab\opi\labrab#1\task_1\task_1\x64\debug\task_1.obj
c:\users\renam\something #1\labrab\opi\labrab#1\task_1\task_1\x64\debug\get_year.obj
c:\users\renam\something #1\labrab\opi\labrab#1\task_1\task_1\x64\debug\get_month.obj
c:\users\renam\something #1\labrab\opi\labrab#1\task_1\task_1\x64\debug\get_day.obj
c:\users\renam\something #1\labrab\opi\labrab#1\task_1\task_1\x64\debug\get_days_in_month.obj
c:\users\renam\something #1\labrab\opi\labrab#1\task_1\task_1\x64\debug\serial_number_of_day.obj
c:\users\renam\something #1\labrab\opi\labrab#1\task_1\task_1\x64\debug\days_before_birthday.obj
c:\users\renam\something #1\labrab\opi\labrab#1\task_1\task_1\x64\debug\check.obj
c:\users\renam\something #1\labrab\opi\labrab#1\task_1\x64\debug\task_1.exe
c:\users\renam\something #1\labrab\opi\labrab#1\task_1\task_1\x64\debug\task_1.ilk
c:\users\renam\something #1\labrab\opi\labrab#1\task_1\x64\debug\task_1.pdb
c:\users\renam\something #1\labrab\kpo   -\labrab#1   -\task_1\task_1\x64\debug\check.obj
c:\users\renam\something #1\labrab\kpo   -\labrab#1   -\task_1\task_1\x64\debug\days_before_birthday.obj
c:\users\renam\something #1\labrab\kpo   -\labrab#1   -\task_1\task_1\x64\debug\get_day.obj
c:\users\renam\something #1\labrab\kpo   -\labrab#1   -\task_1\task_1\x64\debug\get_days_in_month.obj
c:\users\renam\something #1\labrab\kpo   -\labrab#1   -\task_1\task_1\x64\debug\get_month.obj
c:\users\renam\something #1\labrab\kpo   -\labrab#1   -\task_1\task_1\x64\debug\get_year.obj
c:\users\renam\something #1\labrab\kpo   -\labrab#1   -\task_1\task_1\x64\debug\serial_number_of_day.obj
c:\users\renam\something #1\labrab\kpo   -\labrab#1   -\task_1\task_1\x64\debug\task_1.obj
c:\users\renam\something #1\labrab\kpo   -\labrab#1   -\task_1\task_1\x64\debug\task_1.ilk
c:\users\renam\something #1\labrab\kpo   -\labrab#1   -\task_1\task_1\x64\debug\nativecodeanalysis.read.1.tlog
c:\users\renam\something #1\labrab\kpo   -\labrab#1   -\task_1\task_1\x64\debug\vc143.idb
c:\users\renam\something #1\labrab\kpo   -\labrab#1   -\task_1\task_1\x64\debug\vc143.pdb
c:\users\renam\something #1\labrab\kpo   -\labrab#1   -\task_1\task_1\x64\debug\task_1.nativecodeanalysis.xml
c:\users\renam\something #1\labrab\kpo   -\labrab#1   -\task_1\task_1\x64\debug\vc.nativecodeanalysis.all.xml
c:\users\renam\something #1\labrab\kpo   -\labrab#1   -\task_1\x64\debug\task_1.pdb
c:\users\renam\something #1\labrab\kpo   -\labrab#1   -\task_1\x64\debug\task_1.exe
c:\users\renam\something #1\labrab\kpo   -\labrab#1   -\task_1\task_1\x64\debug\task_1.tlog\cl.command.1.tlog
c:\users\renam\something #1\labrab\kpo   -\labrab#1   -\task_1\task_1\x64\debug\task_1.tlog\cl.items.tlog
c:\users\renam\something #1\labrab\kpo   -\labrab#1   -\task_1\task_1\x64\debug\task_1.tlog\cl.read.1.tlog
c:\users\renam\something #1\labrab\kpo   -\labrab#1   -\task_1\task_1\x64\debug\task_1.tlog\cl.write.1.tlog
c:\users\renam\something #1\labrab\kpo   -\labrab#1   -\task_1\task_1\x64\debug\task_1.tlog\link.command.1.tlog
c:\users\renam\something #1\labrab\kpo   -\labrab#1   -\task_1\task_1\x64\debug\task_1.tlog\link.read.1.tlog
c:\users\renam\something #1\labrab\kpo   -\labrab#1   -\task_1\task_1\x64\debug\task_1.tlog\link.write.1.tlog
