Сборка начата 15.03.2024 12:23:37.
Уровень детализации журнала: Normal.     1>Проект "C:\Users\renam\SOMETHING #1\LabRab\KPO   - (1 from N)\LabRab#2   -\SE_Lab02\SE_Lab02\SE_Lab02.vcxproj" в узле 2 (целевые объекты Build).
     1>InitializeBuildStatus:
         Создание "x64\Debug\SE_Lab02.tlog\unsuccessfulbuild", так как было задано "AlwaysCreate".
         Обращение к "x64\Debug\SE_Lab02.tlog\unsuccessfulbuild".
       ClCompile:
         C:\Program Files\Microsoft Visual Studio\2022\Community\VC\Tools\MSVC\14.37.32822\bin\HostX64\x64\CL.exe /c /ZI /JMC /nologo /W3 /WX- /diagnostics:column /sdl /Od /D _DEBUG /D _CONSOLE /D _UNICODE /D UNICODE /Gm- /EHsc /RTC1 /MDd /GS /fp:precise /Zc:wchar_t /Zc:forScope /Zc:inline /permissive- /Fo"x64\Debug\\" /Fd"x64\Debug\vc143.pdb" /external:W3 /Gd /TP /FC /errorReport:prompt SE_Lab02.cpp
         SE_Lab02.cpp
     1>C:\Users\renam\SOMETHING #1\LabRab\KPO   - (1 from N)\LabRab#2   -\SE_Lab02\SE_Lab02\SE_Lab02.cpp(25,13): warning C4244: инициализация: преобразование "double" в "float", возможна потеря данных
     1>C:\Users\renam\SOMETHING #1\LabRab\KPO   - (1 from N)\LabRab#2   -\SE_Lab02\SE_Lab02\SE_Lab02.cpp(40,15): warning C4305: инициализация: усечение из "unsigned int" в "short"
     1>C:\Users\renam\SOMETHING #1\LabRab\KPO   - (1 from N)\LabRab#2   -\SE_Lab02\SE_Lab02\SE_Lab02.cpp(40,17): warning C4309: инициализация: усечение константного значения
       Link:
         C:\Program Files\Microsoft Visual Studio\2022\Community\VC\Tools\MSVC\14.37.32822\bin\HostX64\x64\link.exe /ERRORREPORT:PROMPT /OUT:"C:\Users\renam\SOMETHING #1\LabRab\KPO   - (1 from N)\LabRab#2   -\SE_Lab02\x64\Debug\SE_Lab02.exe" /INCREMENTAL /ILK:"x64\Debug\SE_Lab02.ilk" /NOLOGO kernel32.lib user32.lib gdi32.lib winspool.lib comdlg32.lib advapi32.lib shell32.lib ole32.lib oleaut32.lib uuid.lib odbc32.lib odbccp32.lib /MANIFEST /MANIFESTUAC:"level='asInvoker' uiAccess='false'" /manifest:embed /DEBUG /PDB:"C:\Users\renam\SOMETHING #1\LabRab\KPO   - (1 from N)\LabRab#2   -\SE_Lab02\x64\Debug\SE_Lab02.pdb" /SUBSYSTEM:CONSOLE /TLBID:1 /DYNAMICBASE /NXCOMPAT /IMPLIB:"C:\Users\renam\SOMETHING #1\LabRab\KPO   - (1 from N)\LabRab#2   -\SE_Lab02\x64\Debug\SE_Lab02.lib" /MACHINE:X64 x64\Debug\SE_Lab02.obj
         SE_Lab02.vcxproj -> C:\Users\renam\SOMETHING #1\LabRab\KPO   - (1 from N)\LabRab#2   -\SE_Lab02\x64\Debug\SE_Lab02.exe
       FinalizeBuildStatus:
         Файл "x64\Debug\SE_Lab02.tlog\unsuccessfulbuild" удаляется.
         Обращение к "x64\Debug\SE_Lab02.tlog\SE_Lab02.lastbuildstate".
     1>Сборка проекта "C:\Users\renam\SOMETHING #1\LabRab\KPO   - (1 from N)\LabRab#2   -\SE_Lab02\SE_Lab02\SE_Lab02.vcxproj" завершена (целевые объекты Build).

Сборка успешно завершена.

       "C:\Users\renam\SOMETHING #1\LabRab\KPO   - (1 from N)\LabRab#2   -\SE_Lab02\SE_Lab02\SE_Lab02.vcxproj" (целевой объект Build ) (1) ->
       (Целевой объект ClCompile) -> 
         C:\Users\renam\SOMETHING #1\LabRab\KPO   - (1 from N)\LabRab#2   -\SE_Lab02\SE_Lab02\SE_Lab02.cpp(25,13): warning C4244: инициализация: преобразование "double" в "float", возможна потеря данных
         C:\Users\renam\SOMETHING #1\LabRab\KPO   - (1 from N)\LabRab#2   -\SE_Lab02\SE_Lab02\SE_Lab02.cpp(40,15): warning C4305: инициализация: усечение из "unsigned int" в "short"
         C:\Users\renam\SOMETHING #1\LabRab\KPO   - (1 from N)\LabRab#2   -\SE_Lab02\SE_Lab02\SE_Lab02.cpp(40,17): warning C4309: инициализация: усечение константного значения

    Предупреждений: 3
    Ошибок: 0

Прошло времени 00:00:01.11
