Сборка начата 01.03.2024 15:15:32.
Уровень детализации журнала: Normal.     1>Проект "C:\Users\Admin\Desktop\KPO\lab02\ConsoleApplication1\ConsoleApplication1\ConsoleApplication1.vcxproj" в узле 2 (целевые объекты Build).
     1>InitializeBuildStatus:
         Создание "x64\Debug\lab02.tlog\unsuccessfulbuild", так как было задано "AlwaysCreate".
         Обращение к "x64\Debug\lab02.tlog\unsuccessfulbuild".
       ClCompile:
         C:\Program Files\Microsoft Visual Studio\2022\Community\VC\Tools\MSVC\14.37.32822\bin\HostX64\x64\CL.exe /c /ZI /JMC /nologo /W3 /WX- /diagnostics:column /sdl /Od /D _DEBUG /D _CONSOLE /D _MBCS /Gm- /EHsc /RTC1 /MDd /GS /fp:precise /fp:except /Zc:wchar_t /Zc:forScope /Zc:inline /permissive- /Fo"x64\Debug\\" /Fd"x64\Debug\vc143.pdb" /external:W3 /Gd /TP /FC /errorReport:prompt lab02.cpp
         lab02.cpp
     1>C:\Users\Admin\Desktop\KPO\lab02\ConsoleApplication1\ConsoleApplication1\lab02.cpp(48,19): warning C4309: инициализация: усечение константного значения
     1>C:\Users\Admin\Desktop\KPO\lab02\ConsoleApplication1\ConsoleApplication1\lab02.cpp(114,13): warning C4244: инициализация: преобразование "double" в "float", возможна потеря данных
     1>C:\Users\Admin\Desktop\KPO\lab02\ConsoleApplication1\ConsoleApplication1\lab02.cpp(115,13): warning C4244: инициализация: преобразование "double" в "float", возможна потеря данных
     1>C:\Users\Admin\Desktop\KPO\lab02\ConsoleApplication1\ConsoleApplication1\lab02.cpp(116,12): warning C4244: инициализация: преобразование "double" в "float", возможна потеря данных
       Link:
         C:\Program Files\Microsoft Visual Studio\2022\Community\VC\Tools\MSVC\14.37.32822\bin\HostX64\x64\link.exe /ERRORREPORT:PROMPT /OUT:"C:\Users\Admin\Desktop\KPO\lab02\ConsoleApplication1\x64\Debug\lab02.exe" /INCREMENTAL /ILK:"x64\Debug\lab02.ilk" /NOLOGO kernel32.lib user32.lib gdi32.lib winspool.lib comdlg32.lib advapi32.lib shell32.lib ole32.lib oleaut32.lib uuid.lib odbc32.lib odbccp32.lib /MANIFEST /MANIFESTUAC:"level='asInvoker' uiAccess='false'" /manifest:embed /DEBUG /PDB:"C:\Users\Admin\Desktop\KPO\lab02\ConsoleApplication1\x64\Debug\lab02.pdb" /SUBSYSTEM:CONSOLE /TLBID:1 /DYNAMICBASE /NXCOMPAT /IMPLIB:"C:\Users\Admin\Desktop\KPO\lab02\ConsoleApplication1\x64\Debug\lab02.lib" /MACHINE:X64 x64\Debug\lab02.obj
         ConsoleApplication1.vcxproj -> C:\Users\Admin\Desktop\KPO\lab02\ConsoleApplication1\x64\Debug\lab02.exe
       FinalizeBuildStatus:
         Файл "x64\Debug\lab02.tlog\unsuccessfulbuild" удаляется.
         Обращение к "x64\Debug\lab02.tlog\lab02.lastbuildstate".
     1>Сборка проекта "C:\Users\Admin\Desktop\KPO\lab02\ConsoleApplication1\ConsoleApplication1\ConsoleApplication1.vcxproj" завершена (целевые объекты Build).

Сборка успешно завершена.

       "C:\Users\Admin\Desktop\KPO\lab02\ConsoleApplication1\ConsoleApplication1\ConsoleApplication1.vcxproj" (целевой объект Build ) (1) ->
       (Целевой объект ClCompile) -> 
         C:\Users\Admin\Desktop\KPO\lab02\ConsoleApplication1\ConsoleApplication1\lab02.cpp(48,19): warning C4309: инициализация: усечение константного значения
         C:\Users\Admin\Desktop\KPO\lab02\ConsoleApplication1\ConsoleApplication1\lab02.cpp(114,13): warning C4244: инициализация: преобразование "double" в "float", возможна потеря данных
         C:\Users\Admin\Desktop\KPO\lab02\ConsoleApplication1\ConsoleApplication1\lab02.cpp(115,13): warning C4244: инициализация: преобразование "double" в "float", возможна потеря данных
         C:\Users\Admin\Desktop\KPO\lab02\ConsoleApplication1\ConsoleApplication1\lab02.cpp(116,12): warning C4244: инициализация: преобразование "double" в "float", возможна потеря данных

    Предупреждений: 4
    Ошибок: 0

Прошло времени 00:00:01.88
