Сборка начата 28.06.2024 15:35:22.
Уровень детализации журнала: Normal.     1>Проект "C:\Users\renam\SOMETHING #1\LabRab#9\LabRab#9\LabRab#9.vcxproj" в узле 2 (целевые объекты Build).
     1>PrepareForBuild:
         Создание каталога "C:\Users\renam\SOMETHING #1\LabRab#9\x64\Debug\".
         Создание каталога "x64\Debug\LabRab#9.tlog\".
       InitializeBuildStatus:
         Создание "x64\Debug\LabRab#9.tlog\unsuccessfulbuild", так как было задано "AlwaysCreate".
         Обращение к "x64\Debug\LabRab#9.tlog\unsuccessfulbuild".
       ClCompile:
         C:\Program Files\Microsoft Visual Studio\2022\Community\VC\Tools\MSVC\14.37.32822\bin\HostX64\x64\CL.exe /c /ZI /JMC /nologo /W3 /WX- /diagnostics:column /sdl /Od /D _DEBUG /D _CONSOLE /D _UNICODE /D UNICODE /Gm- /EHsc /RTC1 /MDd /GS /fp:precise /Zc:wchar_t /Zc:forScope /Zc:inline /permissive- /Fo"x64\Debug\\" /Fd"x64\Debug\vc143.pdb" /external:W3 /Gd /TP /FC /errorReport:prompt SE_Lab09.cpp varparm.cpp
         SE_Lab09.cpp
     1>C:\Users\renam\SOMETHING #1\LabRab#9\LabRab#9\SE_Lab09.cpp(6,13): warning C4326: возвращаемый тип "main" должен быть "int", а не "void"
     1>C:\Users\renam\SOMETHING #1\LabRab#9\LabRab#9\SE_Lab09.cpp(33,27): warning C4305: аргумент: усечение из "double" в "float"
     1>C:\Users\renam\SOMETHING #1\LabRab#9\LabRab#9\SE_Lab09.cpp(34,27): warning C4305: аргумент: усечение из "double" в "float"
     1>C:\Users\renam\SOMETHING #1\LabRab#9\LabRab#9\SE_Lab09.cpp(35,27): warning C4305: аргумент: усечение из "double" в "float"
         varparm.cpp
         Создание кода...
       Link:
         C:\Program Files\Microsoft Visual Studio\2022\Community\VC\Tools\MSVC\14.37.32822\bin\HostX64\x64\link.exe /ERRORREPORT:PROMPT /OUT:"C:\Users\renam\SOMETHING #1\LabRab#9\x64\Debug\LabRab#9.exe" /INCREMENTAL /ILK:"x64\Debug\LabRab#9.ilk" /NOLOGO kernel32.lib user32.lib gdi32.lib winspool.lib comdlg32.lib advapi32.lib shell32.lib ole32.lib oleaut32.lib uuid.lib odbc32.lib odbccp32.lib /MANIFEST /MANIFESTUAC:"level='asInvoker' uiAccess='false'" /manifest:embed /DEBUG /PDB:"C:\Users\renam\SOMETHING #1\LabRab#9\x64\Debug\LabRab#9.pdb" /SUBSYSTEM:CONSOLE /TLBID:1 /DYNAMICBASE /NXCOMPAT /IMPLIB:"C:\Users\renam\SOMETHING #1\LabRab#9\x64\Debug\LabRab#9.lib" /MACHINE:X64 x64\Debug\SE_Lab09.obj
         x64\Debug\varparm.obj
         LabRab#9.vcxproj -> C:\Users\renam\SOMETHING #1\LabRab#9\x64\Debug\LabRab#9.exe
       FinalizeBuildStatus:
         Файл "x64\Debug\LabRab#9.tlog\unsuccessfulbuild" удаляется.
         Обращение к "x64\Debug\LabRab#9.tlog\LabRab#9.lastbuildstate".
     1>Сборка проекта "C:\Users\renam\SOMETHING #1\LabRab#9\LabRab#9\LabRab#9.vcxproj" завершена (целевые объекты Build).

Сборка успешно завершена.

       "C:\Users\renam\SOMETHING #1\LabRab#9\LabRab#9\LabRab#9.vcxproj" (целевой объект Build ) (1) ->
       (Целевой объект ClCompile) -> 
         C:\Users\renam\SOMETHING #1\LabRab#9\LabRab#9\SE_Lab09.cpp(6,13): warning C4326: возвращаемый тип "main" должен быть "int", а не "void"
         C:\Users\renam\SOMETHING #1\LabRab#9\LabRab#9\SE_Lab09.cpp(33,27): warning C4305: аргумент: усечение из "double" в "float"
         C:\Users\renam\SOMETHING #1\LabRab#9\LabRab#9\SE_Lab09.cpp(34,27): warning C4305: аргумент: усечение из "double" в "float"
         C:\Users\renam\SOMETHING #1\LabRab#9\LabRab#9\SE_Lab09.cpp(35,27): warning C4305: аргумент: усечение из "double" в "float"

    Предупреждений: 4
    Ошибок: 0

Прошло времени 00:00:00.83
